make all --print-data-base --no-builtin-variables --no-builtin-rules --question
# GNU Make 4.2.1
# Built for x86_64-pc-linux-gnu
# Copyright (C) 1988-2016 Free Software Foundation, Inc.
# License GPLv3+: GNU GPL version 3 or later <http://gnu.org/licenses/gpl.html>
# This is free software: you are free to change and redistribute it.
# There is NO WARRANTY, to the extent permitted by law.

# Make data base, printed on Tue Apr 19 10:40:08 2022

# Variables

# 'override' directive
GNUMAKEFLAGS := 
# automatic
<D = $(patsubst %/,%,$(dir $<))
# automatic
?F = $(notdir $?)
# environment
DESKTOP_SESSION = ubuntu
# default
.SHELLFLAGS := -c
# environment
XDG_SESSION_CLASS = user
# environment
XDG_SESSION_TYPE = x11
# environment
VSCODE_LOG_NATIVE = false
 
# automatic
?D = $(patsubst %/,%,$(dir $?))
# environment
IM_CONFIG_PHASE = 1
# automatic
@D = $(patsubst %/,%,$(dir $@))
# environment
XAUTHORITY = /run/user/1000/gdm/Xauthority
# environment
GDMSESSION = ubuntu
# environment
XMODIFIERS = @im=fcitx
# makefile
CURDIR := /home/caeri/lzp/GIT/NtripClient
# makefile
SHELL = /bin/sh
# makefile (from 'Makefile', line 57)
RM = rm -rf
# makefile (from 'Makefile', line 41)
BIN = libmdxzntripclienttest
# makefile (from 'Makefile', line 39)
ROOT_DIR = $(shell pwd)
# environment
VSCODE_NLS_CONFIG = {"locale":"zh-cn","availableLanguages":{},"_languagePackSupport":true}
# environment
_ = /usr/share/code/code
# makefile (from 'Makefile', line 77)
CFLAGS = $(foreach dir, $(INCLUDE_PATH), -I$(dir))  -g -pthread
# environment
JOURNAL_STREAM = 8:62984
# environment
XDG_CONFIG_DIRS = /etc/xdg/xdg-ubuntu:/etc/xdg
# makefile (from 'Makefile', line 1)
MAKEFILE_LIST :=  Makefile
# automatic
@F = $(notdir $@)
# environment
GIO_LAUNCHED_DESKTOP_FILE = /usr/share/applications/code.desktop
# environment
USERNAME = caeri
# environment
MANDATORY_PATH = /usr/share/gconf/ubuntu.mandatory.path
# environment
XDG_DATA_DIRS = /usr/share/ubuntu:/usr/local/share/:/usr/share/:/var/lib/snapd/desktop
# environment
DBUS_SESSION_BUS_ADDRESS = unix:path=/run/user/1000/bus
# environment
VSCODE_VERBOSE_LOGGING = true
# makefile (from 'Makefile', line 4)
OUTBIN = bin
# environment
MANAGERPID = 1811
# environment
CLUTTER_IM_MODULE = fcitx
# environment
VSCODE_IPC_HOOK_EXTHOST = /run/user/1000/vscode-ipc-f992189f-140f-445b-a5ef-910f2743cec2.sock
# makefile (from 'Makefile', line 29)
CPP = g++
# environment
VSCODE_CWD = /home/caeri
# default
MAKE_HOST := x86_64-pc-linux-gnu
# environment
PATH = /usr/local/sbin:/usr/local/bin:/usr/sbin:/usr/bin:/sbin:/bin:/usr/games:/usr/local/games:/snap/bin:/usr/local/go:/home/caeri/lzp/program_GO
# environment
GPG_AGENT_INFO = /run/user/1000/gnupg/S.gpg-agent:0:1
# environment
SESSION_MANAGER = local/ubuntu:@/tmp/.ICE-unix/2034,unix/ubuntu:/tmp/.ICE-unix/2034
# environment
XDG_RUNTIME_DIR = /run/user/1000
# makefile (from 'Makefile', line 6)
OBJFILE = obj
# makefile (from 'Makefile', line 65)
LIBRARY_PATH := /home/caeri/lzp/GIT/NtripClient/lib  
# environment
GOPATH = /home/caeri/lzp/program_GO
# makefile (from 'Makefile', line 59)
DBG_ENABLE = 0
# environment
XDG_MENU_PREFIX = gnome-
# environment
VSCODE_LOG_STACK = false
# environment
ELECTRON_RUN_AS_NODE = 1
# environment
INVOCATION_ID = 5ea2f5d6290344298c7865ce2a2a04f7
# makefile (from 'Makefile', line 76)
LDFLAGS = $(foreach lib, $(LIBRARY_PATH), -L$(lib)) $(foreach lib, $(LIBS), -l$(lib))
# default
.FEATURES := target-specific order-only second-expansion else-if shortest-stem undefine oneshell archives jobserver output-sync check-symlink load
# environment
XDG_SESSION_DESKTOP = ubuntu
# environment
SSH_AUTH_SOCK = /run/user/1000/keyring/ssh
# environment
GIO_LAUNCHED_DESKTOP_FILE_PID = 2528
# automatic
%F = $(notdir $%)
# environment
DISPLAY = :0
# makefile (from 'Makefile', line 55)
CUR_OBJS = ${patsubst %.c, %.o, $(CUR_SOURCE)}
# environment
GTK_IM_MODULE = fcitx
# environment
VSCODE_PIPE_LOGGING = true
# environment
PWD = /home/caeri/lzp/GIT/NtripClient
# default
.LOADED := 
# environment
SSH_AGENT_PID = 1989
# environment
ORIGINAL_XDG_CURRENT_DESKTOP = ubuntu:GNOME
# environment
GTK_MODULES = gail:atk-bridge
# environment
VSCODE_AMD_ENTRYPOINT = vs/workbench/api/node/extensionHostProcess
# environment
HOME = /home/caeri
# makefile (from 'Makefile', line 45)
OBJS_DIR_DEMO = debug/obj_demo
# makefile (from 'Makefile', line 2)
OUTFILE = debug
# environment
VSCODE_CODE_CACHE_PATH = /home/caeri/.config/Code/CachedData/c722ca6c7eed3d7987c0d5c3df5c45f6b15e77d1
# environment
LOGNAME = caeri
# environment
APPLICATION_INSIGHTS_NO_DIAGNOSTIC_CHANNEL = 1
# environment
VSCODE_HANDLES_UNCAUGHT_ERRORS = true
# environment
GNOME_DESKTOP_SESSION_ID = this-is-deprecated
# automatic
^D = $(patsubst %/,%,$(dir $^))
# environment
MAKELEVEL := 0
# default
MAKE = $(MAKE_COMMAND)
# default
MAKECMDGOALS := all
# environment
QT_IM_MODULE = fcitx
# environment
SHLVL = 0
# makefile (from 'Makefile', line 80)
CC := 
# environment
GNOME_SHELL_SESSION_MODE = ubuntu
# default
MAKE_VERSION := 4.2.1
# environment
USER = caeri
# makefile
.DEFAULT_GOAL := all
# environment
XDG_CURRENT_DESKTOP = Unity
# environment
GOROOT = /usr/local/go
# automatic
%D = $(patsubst %/,%,$(dir $%))
# default
MAKE_COMMAND := make
# environment
OLDPWD = /home/caeri
# default
.VARIABLES := 
# automatic
*F = $(notdir $*)
# environment
VSCODE_IPC_HOOK = /run/user/1000/vscode-0fddb2cb-1.65.2-main.sock
# makefile
MAKEFLAGS = pqrR
# environment
MFLAGS = -pqrR
# automatic
*D = $(patsubst %/,%,$(dir $*))
# makefile (from 'Makefile', line 34)
Other_DIR = include .vscode lib hpp
# makefile (from 'Makefile', line 44)
OBJS_DIR = debug/obj
# automatic
+D = $(patsubst %/,%,$(dir $+))
# environment
GDK_BACKEND = x11
# automatic
+F = $(notdir $+)
# makefile (from 'Makefile', line 53)
CUR_SOURCE = ${wildcard *.c}
# makefile (from 'Makefile', line 63)
INCLUDE_PATH := /home/caeri/lzp/GIT/NtripClient/include .
# environment
QT_ACCESSIBILITY = 1
# environment
DEFAULTS_PATH = /usr/share/gconf/ubuntu.default.path
# makefile (from 'Makefile', line 50)
TARGET_MDXZLIB_PATH := /home/caeri/lzp/GIT/NtripClient/lib
# 'override' directive
.SHELLSTATUS := 0
# default
MAKEFILES := 
# automatic
<F = $(notdir $<)
# makefile (from 'Makefile', line 47)
BIN_DIR = debug/bin
# environment
LC_ALL = C
# makefile (from 'Makefile', line 49)
TARGET_LIB_NAME := libmdxzntripclient.so
# environment
QT4_IM_MODULE = fcitx
# environment
GJS_DEBUG_TOPICS = JS ERROR;JS LOG
# makefile (from 'Makefile', line 61)
LIBS := mdxzntripclient
# automatic
^F = $(notdir $^)
# default
SUFFIXES := 
# environment
CHROME_DESKTOP = code-url-handler.desktop
# environment
WINDOWPATH = 2
# default
.INCLUDE_DIRS = /usr/include /usr/local/include /usr/include
# environment
GJS_DEBUG_OUTPUT = stderr
# default
.RECIPEPREFIX := 
# makefile (from 'Makefile', line 35)
SUBDIRS := src
# environment
LANG = C
# environment
VSCODE_PID = 2528
# variable set hash-table stats:
# Load=126/1024=12%, Rehash=0, Collisions=18/214=8%

# Pattern-specific Variable Values

# No pattern-specific variable values.

# Directories

# . (device 2053, inode 2625386): 11 files, no impossibilities.

# 11 files, no impossibilities in 1 directories.

# Implicit Rules

# No implicit rules.

# Files

all: src lib_ntripclient_test.o DEBUG
#  Command line target.
#  Implicit rule search has been done.
#  File does not exist.
#  File has been updated.
#  Needs to be updated (-q is set).
# variable set hash-table stats:
# Load=0/32=0%, Rehash=0, Collisions=0/4=0%

DEBUG: ECHO
#  Implicit rule search has not been done.
#  Modification time never checked.
#  File has not been updated.
#  recipe to execute (from 'Makefile', line 88):
	make -C debug

# Not a target:
.SUFFIXES:
#  Implicit rule search has not been done.
#  Modification time never checked.
#  File has not been updated.

# Not a target:
Makefile:
#  Implicit rule search has been done.
 
#  Last modified 2022-04-19 10:38:07.813885515
#  File has been updated.
#  Successfully updated.

lib_ntripclient_test.o: lib_ntripclient_test.c
#  Implicit rule search has not been done.
#  Implicit/static pattern stem: 'lib_ntripclient_test'
#  Modification time never checked.
#  File has not been updated.
#  recipe to execute (from 'Makefile', line 93):
	$(CC) -c $^ -o $(ROOT_DIR)/$(OBJS_DIR_DEMO)/$@ $(CFLAGS)

ECHO:
#  Implicit rule search has not been done.
#  Implicit/static pattern stem: ''
#  File does not exist.
#  File has been updated.
#  Needs to be updated (-q is set).
# automatic
# @ := ECHO
# automatic
# % := 
# automatic
# * := 
# automatic
# + := 
# automatic
# | := 
# automatic
# < := 
# automatic
# ^ := 
# automatic
# ? := 
# variable set hash-table stats:
# Load=8/32=25%, Rehash=0, Collisions=1/12=8%
#  recipe to execute (from 'Makefile', line 90):
	@echo $(SUBDIRS)

src: ECHO
#  Implicit rule search has not been done.
#  Last modified 2022-04-19 10:12:49.877894293
#  File has been updated.
#  Needs to be updated (-q is set).
# variable set hash-table stats:
# Load=0/32=0%, Rehash=0, Collisions=0/4=0%
#  recipe to execute (from 'Makefile', line 85):
	make -C $@

# Not a target:
.DEFAULT:
#  Implicit rule search has not been done.
#  Modification time never checked.
#  File has not been updated.

clean:
#  Implicit rule search has not been done.
#  Modification time never checked.
#  File has not been updated.
#  recipe to execute (from 'Makefile', line 95):
	@rm $(OBJS_DIR)/*.o
	@$(RM) $(BIN_DIR)/*
	@$(RM) $(TARGET_MDXZLIB_PATH)/$(TARGET_LIB_NAME)

# Not a target:
lib_ntripclient_test.c:
#  Implicit rule search has not been done.
#  Modification time never checked.
#  File has not been updated.

# files hash-table stats:
# Load=10/1024=1%, Rehash=0, Collisions=0/32=0%
# VPATH Search Paths

# No 'vpath' search paths.

# No general ('VPATH' variable) search path.

# strcache buffers: 1 (0) / strings = 23 / storage = 224 B / avg = 9 B
# current buf: size = 8162 B / used = 224 B / count = 23 / avg = 9 B

# strcache performance: lookups = 42 / hit rate = 45%
# hash-table stats:
# Load=23/8192=0%, Rehash=0, Collisions=1/42=2%
# Finished Make data base on Tue Apr 19 10:40:08 2022

 
